TN:Report
SF:/home/avalon/21-school-problems/MY_STRINGS/tests/s21_strncmp_test.c
FN:6,test_s21_strncmp_1_fn
FNDA:1,test_s21_strncmp_1_fn
FN:23,test_s21_strncmp_2_fn
FNDA:1,test_s21_strncmp_2_fn
FN:40,test_s21_strncmp_3_fn
FNDA:1,test_s21_strncmp_3_fn
FN:57,test_s21_strncmp_4_fn
FNDA:1,test_s21_strncmp_4_fn
FN:74,test_s21_strncmp_5_fn
FNDA:1,test_s21_strncmp_5_fn
FN:91,test_s21_strncmp_6_fn
FNDA:1,test_s21_strncmp_6_fn
FN:108,test_s21_strncmp_7_fn
FNDA:1,test_s21_strncmp_7_fn
FN:123,s21_strncmp_suite
FNDA:84,s21_strncmp_suite
DA:6,1
DA:7,1
DA:8,1
DA:9,1
DA:10,1
DA:11,1
DA:13,1
DA:14,1
DA:16,1
BRDA:16,0,0,1
BRDA:16,0,1,0
DA:17,1
DA:23,1
DA:24,1
DA:25,1
DA:26,1
DA:27,1
DA:28,1
DA:30,1
DA:31,1
DA:33,1
BRDA:33,0,0,1
BRDA:33,0,1,0
DA:34,1
DA:40,1
DA:41,1
DA:42,1
DA:43,1
DA:44,1
DA:45,1
DA:47,1
DA:48,1
DA:50,1
BRDA:50,0,0,1
BRDA:50,0,1,0
DA:51,1
DA:57,1
DA:58,1
DA:59,1
DA:60,1
DA:61,1
DA:62,1
DA:64,1
DA:65,1
DA:67,1
BRDA:67,0,0,1
BRDA:67,0,1,0
DA:68,1
DA:74,1
DA:75,1
DA:76,1
DA:77,1
DA:78,1
DA:79,1
DA:81,1
DA:82,1
DA:84,1
BRDA:84,0,0,1
BRDA:84,0,1,0
DA:85,1
DA:91,1
DA:92,1
DA:93,1
DA:94,1
DA:95,1
DA:96,1
DA:98,1
DA:99,1
DA:101,1
BRDA:101,0,0,1
BRDA:101,0,1,0
DA:102,1
DA:108,1
DA:109,1
DA:110,1
DA:111,1
DA:112,1
DA:113,1
DA:115,1
DA:116,1
DA:118,1
BRDA:118,0,0,1
BRDA:118,0,1,0
DA:119,1
DA:123,84
DA:127,84
DA:129,84
DA:134,84
DA:135,84
DA:140,84
DA:141,84
DA:146,84
DA:147,84
DA:152,84
DA:153,84
DA:158,84
DA:159,84
DA:164,84
DA:165,84
DA:170,84
DA:171,84
DA:173,84
end_of_record
TN:Report
SF:/home/avalon/21-school-problems/MY_STRINGS/tests/s21_strncat_test.c
FN:3,initialize_string
FNDA:8,initialize_string
FN:13,test_s21_strncat_1_fn
FNDA:1,test_s21_strncat_1_fn
FN:38,test_s21_strncat_2_fn
FNDA:1,test_s21_strncat_2_fn
FN:63,test_s21_strncat_3_fn
FNDA:1,test_s21_strncat_3_fn
FN:88,test_s21_strncat_4_fn
FNDA:1,test_s21_strncat_4_fn
FN:109,s21_strncat_suite
FNDA:84,s21_strncat_suite
DA:3,8
DA:4,8
DA:5,8
DA:13,1
DA:14,1
DA:15,1
DA:16,1
DA:17,1
DA:18,1
DA:19,1
DA:20,1
DA:21,1
DA:22,1
DA:23,1
DA:25,1
DA:26,1
DA:28,1
BRDA:28,0,0,1
BRDA:28,0,1,0
BRDA:28,0,2,1
BRDA:28,0,3,0
BRDA:28,0,4,1
BRDA:28,0,5,0
BRDA:28,0,6,1
BRDA:28,0,7,0
BRDA:28,0,8,1
BRDA:28,0,9,0
DA:29,1
DA:38,1
DA:39,1
DA:40,1
DA:41,1
DA:42,1
DA:43,1
DA:44,1
DA:45,1
DA:46,1
DA:47,1
DA:48,1
DA:50,1
DA:51,1
DA:53,1
BRDA:53,0,0,1
BRDA:53,0,1,0
BRDA:53,0,2,1
BRDA:53,0,3,0
BRDA:53,0,4,1
BRDA:53,0,5,0
BRDA:53,0,6,1
BRDA:53,0,7,0
BRDA:53,0,8,1
BRDA:53,0,9,0
DA:54,1
DA:63,1
DA:64,1
DA:65,1
DA:66,1
DA:67,1
DA:68,1
DA:69,1
DA:70,1
DA:71,1
DA:72,1
DA:73,1
DA:75,1
DA:76,1
DA:78,1
BRDA:78,0,0,1
BRDA:78,0,1,0
BRDA:78,0,2,1
BRDA:78,0,3,0
BRDA:78,0,4,1
BRDA:78,0,5,0
BRDA:78,0,6,1
BRDA:78,0,7,0
BRDA:78,0,8,1
BRDA:78,0,9,0
DA:79,1
DA:88,1
DA:89,1
DA:91,1
DA:92,1
DA:93,1
DA:94,1
DA:95,1
DA:96,1
DA:97,1
DA:98,1
DA:99,1
DA:101,1
DA:102,1
DA:104,1
BRDA:104,0,0,1
BRDA:104,0,1,0
BRDA:104,0,2,1
BRDA:104,0,3,0
BRDA:104,0,4,1
BRDA:104,0,5,0
BRDA:104,0,6,1
BRDA:104,0,7,0
BRDA:104,0,8,1
BRDA:104,0,9,0
DA:105,1
DA:109,84
DA:113,84
DA:115,84
DA:123,84
DA:124,84
DA:132,84
DA:133,84
DA:141,84
DA:142,84
DA:150,84
DA:151,84
DA:153,84
end_of_record
TN:Report
SF:/home/avalon/21-school-problems/MY_STRINGS/tests/s21_strcspn_test.c
FN:7,test_s21_strcspn_1_fn
FNDA:1,test_s21_strcspn_1_fn
FN:24,test_s21_strcspn_2_fn
FNDA:1,test_s21_strcspn_2_fn
FN:41,test_s21_strcspn_3_fn
FNDA:1,test_s21_strcspn_3_fn
FN:58,test_s21_strcspn_4_fn
FNDA:1,test_s21_strcspn_4_fn
FN:75,test_s21_strcspn_5_fn
FNDA:1,test_s21_strcspn_5_fn
FN:92,test_s21_strcspn_6_fn
FNDA:1,test_s21_strcspn_6_fn
FN:109,test_s21_strcspn_7_fn
FNDA:1,test_s21_strcspn_7_fn
FN:123,s21_strcspn_suite
FNDA:84,s21_strcspn_suite
DA:7,1
DA:8,1
DA:9,1
DA:10,1
DA:11,1
DA:13,1
DA:14,1
DA:16,1
BRDA:16,0,0,1
BRDA:16,0,1,0
DA:17,1
DA:24,1
DA:25,1
DA:26,1
DA:27,1
DA:28,1
DA:30,1
DA:31,1
DA:33,1
BRDA:33,0,0,1
BRDA:33,0,1,0
DA:34,1
DA:41,1
DA:42,1
DA:43,1
DA:44,1
DA:45,1
DA:47,1
DA:48,1
DA:50,1
BRDA:50,0,0,1
BRDA:50,0,1,0
DA:51,1
DA:58,1
DA:59,1
DA:60,1
DA:61,1
DA:62,1
DA:64,1
DA:65,1
DA:67,1
BRDA:67,0,0,1
BRDA:67,0,1,0
DA:68,1
DA:75,1
DA:76,1
DA:77,1
DA:78,1
DA:79,1
DA:81,1
DA:82,1
DA:84,1
BRDA:84,0,0,1
BRDA:84,0,1,0
DA:85,1
DA:92,1
DA:93,1
DA:94,1
DA:95,1
DA:96,1
DA:98,1
DA:99,1
DA:101,1
BRDA:101,0,0,1
BRDA:101,0,1,0
DA:102,1
DA:109,1
DA:110,1
DA:111,1
DA:112,1
DA:113,1
DA:115,1
DA:116,1
DA:118,1
BRDA:118,0,0,1
BRDA:118,0,1,0
DA:119,1
DA:123,84
DA:127,84
DA:129,84
DA:135,84
DA:136,84
DA:142,84
DA:143,84
DA:149,84
DA:150,84
DA:156,84
DA:157,84
DA:163,84
DA:164,84
DA:170,84
DA:171,84
DA:177,84
DA:178,84
DA:180,84
end_of_record
TN:Report
SF:/home/avalon/21-school-problems/MY_STRINGS/src/s21_strcspn.c
FN:3,s21_strcspn
FNDA:7,s21_strcspn
DA:3,7
DA:4,7
DA:5,7
DA:6,7
DA:7,7
DA:9,7
DA:10,7
DA:12,7
BRDA:12,0,0,5
BRDA:12,0,1,2
BRDA:12,0,2,4
BRDA:12,0,3,1
DA:13,24
BRDA:13,0,0,20
BRDA:13,0,1,4
DA:14,20
DA:16,20
BRDA:16,0,0,4
BRDA:16,0,1,16
DA:17,4
DA:19,4
BRDA:19,0,0,3
BRDA:19,0,1,1
DA:20,3
DA:24,7
end_of_record
TN:Report
SF:/home/avalon/21-school-problems/MY_STRINGS/src/s21_strrchr.c
FN:3,s21_strrchr
FNDA:4,s21_strrchr
DA:3,4
DA:4,4
DA:5,4
DA:6,4
DA:7,4
DA:9,4
DA:10,4
DA:12,26
BRDA:12,0,0,25
BRDA:12,0,1,1
BRDA:12,0,2,22
BRDA:12,0,3,3
DA:13,22
BRDA:13,0,0,3
BRDA:13,0,1,19
DA:14,3
DA:16,4
end_of_record
TN:Report
SF:/home/avalon/21-school-problems/MY_STRINGS/src/s21_strchr.c
FN:4,s21_strchr
FNDA:58,s21_strchr
DA:4,58
DA:5,58
DA:7,58
DA:8,58
DA:10,879
BRDA:10,0,0,869
BRDA:10,0,1,10
BRDA:10,0,2,821
BRDA:10,0,3,48
DA:13,58
BRDA:13,0,0,48
BRDA:13,0,1,10
DA:14,48
DA:16,58
end_of_record
TN:Report
SF:/home/avalon/21-school-problems/MY_STRINGS/tests/s21_strrchr_test.c
FN:6,test_s21_strrchr_1_fn
FNDA:1,test_s21_strrchr_1_fn
FN:22,test_s21_strrchr_2_fn
FNDA:1,test_s21_strrchr_2_fn
FN:38,test_s21_strrchr_3_fn
FNDA:1,test_s21_strrchr_3_fn
FN:54,test_s21_strrchr_4_fn
FNDA:1,test_s21_strrchr_4_fn
FN:69,s21_strrchr_suite
FNDA:84,s21_strrchr_suite
DA:6,1
DA:7,1
DA:8,1
DA:9,1
DA:10,1
DA:12,1
DA:13,1
DA:15,1
BRDA:15,0,0,1
BRDA:15,0,1,0
DA:16,1
DA:22,1
DA:23,1
DA:24,1
DA:25,1
DA:26,1
DA:28,1
DA:29,1
DA:31,1
BRDA:31,0,0,1
BRDA:31,0,1,0
DA:32,1
DA:38,1
DA:39,1
DA:40,1
DA:41,1
DA:42,1
DA:44,1
DA:45,1
DA:47,1
BRDA:47,0,0,1
BRDA:47,0,1,0
DA:48,1
DA:54,1
DA:55,1
DA:56,1
DA:57,1
DA:58,1
DA:60,1
DA:61,1
DA:63,1
BRDA:63,0,0,1
BRDA:63,0,1,0
DA:64,1
DA:69,84
DA:73,84
DA:75,84
DA:80,84
DA:81,84
DA:86,84
DA:87,84
DA:92,84
DA:93,84
DA:98,84
DA:99,84
DA:101,84
end_of_record
TN:Report
SF:/home/avalon/21-school-problems/MY_STRINGS/src/s21_strncmp.c
FN:3,s21_strncmp
FNDA:16,s21_strncmp
DA:3,16
DA:4,16
DA:5,16
DA:6,16
DA:8,16
DA:10,70
BRDA:10,0,0,66
BRDA:10,0,1,4
BRDA:10,0,2,55
BRDA:10,0,3,11
BRDA:10,0,4,54
BRDA:10,0,5,1
DA:12,16
BRDA:12,0,0,4
BRDA:12,0,1,12
DA:13,4
DA:15,16
DA:17,16
end_of_record
TN:Report
SF:/home/avalon/21-school-problems/MY_STRINGS/tests/s21_strncpy_test.c
FN:7,test_s21_strncpy_1_fn
FNDA:1,test_s21_strncpy_1_fn
FN:26,test_s21_strncpy_2_fn
FNDA:1,test_s21_strncpy_2_fn
FN:45,test_s21_strncpy_3_fn
FNDA:1,test_s21_strncpy_3_fn
FN:65,test_s21_strncpy_4_fn
FNDA:1,test_s21_strncpy_4_fn
FN:83,s21_strncpy_suite
FNDA:84,s21_strncpy_suite
DA:7,1
DA:8,1
DA:9,1
DA:10,1
DA:11,1
DA:12,1
DA:13,1
DA:15,1
DA:16,1
DA:18,1
BRDA:18,0,0,1
BRDA:18,0,1,0
BRDA:18,0,2,1
BRDA:18,0,3,0
BRDA:18,0,4,1
BRDA:18,0,5,0
BRDA:18,0,6,1
BRDA:18,0,7,0
BRDA:18,0,8,1
BRDA:18,0,9,0
DA:19,1
DA:26,1
DA:27,1
DA:28,1
DA:29,1
DA:30,1
DA:31,1
DA:32,1
DA:34,1
DA:35,1
DA:37,1
BRDA:37,0,0,1
BRDA:37,0,1,0
BRDA:37,0,2,1
BRDA:37,0,3,0
BRDA:37,0,4,1
BRDA:37,0,5,0
BRDA:37,0,6,1
BRDA:37,0,7,0
BRDA:37,0,8,1
BRDA:37,0,9,0
DA:38,1
DA:45,1
DA:46,1
DA:47,1
DA:48,1
DA:49,1
DA:51,1
DA:52,1
DA:54,1
DA:55,1
DA:57,1
BRDA:57,0,0,1
BRDA:57,0,1,0
BRDA:57,0,2,1
BRDA:57,0,3,0
BRDA:57,0,4,1
BRDA:57,0,5,0
BRDA:57,0,6,1
BRDA:57,0,7,0
BRDA:57,0,8,1
BRDA:57,0,9,0
DA:58,1
DA:65,1
DA:66,1
DA:67,1
DA:68,1
DA:69,1
DA:71,1
DA:72,1
DA:74,1
DA:75,1
DA:77,1
BRDA:77,0,0,1
BRDA:77,0,1,0
BRDA:77,0,2,1
BRDA:77,0,3,0
BRDA:77,0,4,1
BRDA:77,0,5,0
BRDA:77,0,6,1
BRDA:77,0,7,0
BRDA:77,0,8,1
BRDA:77,0,9,0
DA:78,1
DA:83,84
DA:87,84
DA:89,84
DA:95,84
DA:96,84
DA:102,84
DA:103,84
DA:109,84
DA:110,84
DA:116,84
DA:117,84
DA:119,84
end_of_record
TN:Report
SF:/home/avalon/21-school-problems/MY_STRINGS/src/s21_memcpy.c
FN:4,s21_memcpy
FNDA:4,s21_memcpy
DA:4,4
DA:6,4
DA:7,4
DA:8,4
DA:9,4
DA:11,34
BRDA:11,0,0,30
BRDA:11,0,1,4
DA:14,4
end_of_record
TN:Report
SF:/home/avalon/21-school-problems/MY_STRINGS/src/s21_strstr.c
FN:3,s21_strstr
FNDA:9,s21_strstr
DA:3,9
DA:5,9
DA:6,9
DA:7,9
DA:8,9
DA:10,9
DA:11,9
DA:12,9
DA:14,9
BRDA:14,0,0,8
BRDA:14,0,1,1
DA:15,106
BRDA:15,0,0,100
BRDA:15,0,1,6
BRDA:15,0,2,98
BRDA:15,0,3,2
DA:16,98
BRDA:16,0,0,9
BRDA:16,0,1,89
DA:17,9
BRDA:17,0,0,2
BRDA:17,0,1,7
DA:18,2
DA:20,1
DA:22,9
end_of_record
TN:Report
SF:/home/avalon/21-school-problems/MY_STRINGS/tests/s21_strchr_test.c
FN:5,test_s21_strchr_1_fn
FNDA:1,test_s21_strchr_1_fn
FN:19,test_s21_strchr_2_fn
FNDA:1,test_s21_strchr_2_fn
FN:33,test_s21_strchr_3_fn
FNDA:1,test_s21_strchr_3_fn
FN:48,test_s21_strchr_4_fn
FNDA:1,test_s21_strchr_4_fn
FN:62,test_s21_strchr_5_fn
FNDA:1,test_s21_strchr_5_fn
FN:77,s21_strchr_suite
FNDA:84,s21_strchr_suite
DA:5,1
DA:6,1
DA:7,1
DA:8,1
DA:9,1
DA:11,1
DA:12,1
DA:14,1
BRDA:14,0,0,1
BRDA:14,0,1,0
DA:15,1
DA:19,1
DA:20,1
DA:21,1
DA:22,1
DA:23,1
DA:25,1
DA:26,1
DA:28,1
BRDA:28,0,0,1
BRDA:28,0,1,0
DA:29,1
DA:33,1
DA:34,1
DA:35,1
DA:36,1
DA:37,1
DA:39,1
DA:40,1
DA:42,1
BRDA:42,0,0,1
BRDA:42,0,1,0
DA:43,1
DA:48,1
DA:49,1
DA:50,1
DA:51,1
DA:52,1
DA:54,1
DA:55,1
DA:57,1
BRDA:57,0,0,1
BRDA:57,0,1,0
DA:58,1
DA:62,1
DA:63,1
DA:64,1
DA:65,1
DA:66,1
DA:68,1
DA:69,1
DA:71,1
BRDA:71,0,0,1
BRDA:71,0,1,0
DA:72,1
DA:77,84
DA:81,84
DA:83,84
DA:87,84
DA:88,84
DA:91,84
DA:92,84
DA:95,84
DA:96,84
DA:100,84
DA:101,84
DA:104,84
DA:105,84
DA:107,84
end_of_record
TN:Report
SF:/home/avalon/21-school-problems/MY_STRINGS/tests/s21_memcmp_test.c
FN:5,test_s21_memcmp_1_fn
FNDA:1,test_s21_memcmp_1_fn
FN:19,test_s21_memcmp_2_fn
FNDA:1,test_s21_memcmp_2_fn
FN:33,test_s21_memcmp_3_fn
FNDA:1,test_s21_memcmp_3_fn
FN:48,test_s21_memcmp_4_fn
FNDA:1,test_s21_memcmp_4_fn
FN:62,test_s21_memcmp_5_fn
FNDA:1,test_s21_memcmp_5_fn
FN:76,test_s21_memcmp_6_fn
FNDA:1,test_s21_memcmp_6_fn
FN:91,test_s21_memcmp_7_fn
FNDA:1,test_s21_memcmp_7_fn
FN:105,test_s21_memcmp_8_fn
FNDA:1,test_s21_memcmp_8_fn
FN:120,test_s21_memcmp_9_fn
FNDA:1,test_s21_memcmp_9_fn
FN:135,s21_memcmp_suite
FNDA:84,s21_memcmp_suite
DA:5,1
DA:6,1
DA:7,1
DA:9,1
DA:10,1
DA:12,1
BRDA:12,0,0,1
BRDA:12,0,1,0
DA:15,1
DA:19,1
DA:20,1
DA:21,1
DA:23,1
DA:24,1
DA:26,1
BRDA:26,0,0,1
BRDA:26,0,1,0
DA:29,1
DA:33,1
DA:34,1
DA:35,1
DA:37,1
DA:38,1
DA:40,1
BRDA:40,0,0,1
BRDA:40,0,1,0
DA:43,1
DA:48,1
DA:49,1
DA:50,1
DA:52,1
DA:53,1
DA:55,1
BRDA:55,0,0,1
BRDA:55,0,1,0
DA:58,1
DA:62,1
DA:63,1
DA:64,1
DA:66,1
DA:67,1
DA:69,1
BRDA:69,0,0,1
BRDA:69,0,1,0
DA:72,1
DA:76,1
DA:77,1
DA:78,1
DA:79,1
DA:81,1
DA:82,1
DA:84,1
BRDA:84,0,0,1
BRDA:84,0,1,0
DA:87,1
DA:91,1
DA:92,1
DA:93,1
DA:95,1
DA:96,1
DA:98,1
BRDA:98,0,0,1
BRDA:98,0,1,0
DA:101,1
DA:105,1
DA:106,1
DA:107,1
DA:109,1
DA:110,1
DA:112,1
BRDA:112,0,0,1
BRDA:112,0,1,0
DA:115,1
DA:120,1
DA:121,1
DA:122,1
DA:124,1
DA:125,1
DA:127,1
BRDA:127,0,0,1
BRDA:127,0,1,0
DA:130,1
DA:135,84
DA:140,84
DA:142,84
DA:146,84
DA:147,84
DA:149,84
DA:152,84
DA:153,84
DA:156,84
DA:157,84
DA:160,84
DA:161,84
DA:165,84
DA:166,84
DA:169,84
DA:170,84
DA:173,84
DA:174,84
DA:177,84
DA:178,84
DA:181,84
DA:182,84
DA:184,84
end_of_record
TN:Report
SF:/home/avalon/21-school-problems/MY_STRINGS/src/s21_memcmp.c
FN:3,s21_memcmp
FNDA:9,s21_memcmp
DA:3,9
DA:4,9
DA:5,9
DA:6,9
DA:8,9
DA:9,9
DA:10,9
DA:12,80
BRDA:12,0,0,78
BRDA:12,0,1,2
BRDA:12,0,2,73
BRDA:12,0,3,5
DA:13,73
BRDA:13,0,0,71
BRDA:13,0,1,2
DA:14,71
DA:17,9
BRDA:17,0,0,7
BRDA:17,0,1,2
DA:18,7
DA:20,9
end_of_record
TN:Report
SF:/home/avalon/21-school-problems/MY_STRINGS/tests/s21_strstr_test.c
FN:6,test_s21_strstr_1_fn
FNDA:1,test_s21_strstr_1_fn
FN:23,test_s21_strstr_2_fn
FNDA:1,test_s21_strstr_2_fn
FN:37,test_s21_strstr_3_fn
FNDA:1,test_s21_strstr_3_fn
FN:54,test_s21_strstr_4_fn
FNDA:1,test_s21_strstr_4_fn
FN:70,test_s21_strstr_5_fn
FNDA:1,test_s21_strstr_5_fn
FN:86,test_s21_strstr_6_fn
FNDA:1,test_s21_strstr_6_fn
FN:102,test_s21_strstr_7_fn
FNDA:1,test_s21_strstr_7_fn
FN:118,test_s21_strstr_8_fn
FNDA:1,test_s21_strstr_8_fn
FN:133,test_s21_strstr_9_fn
FNDA:1,test_s21_strstr_9_fn
FN:148,s21_strstr_suite
FNDA:84,s21_strstr_suite
DA:6,1
DA:7,1
DA:8,1
DA:9,1
DA:10,1
DA:12,1
DA:13,1
DA:15,1
BRDA:15,0,0,1
BRDA:15,0,1,0
DA:16,1
DA:23,1
DA:24,1
DA:25,1
DA:26,1
DA:28,1
DA:30,1
BRDA:30,0,0,1
BRDA:30,0,1,0
DA:31,1
DA:37,1
DA:38,1
DA:39,1
DA:40,1
DA:41,1
DA:43,1
DA:44,1
DA:46,1
BRDA:46,0,0,1
BRDA:46,0,1,0
DA:47,1
DA:54,1
DA:55,1
DA:56,1
DA:57,1
DA:58,1
DA:60,1
DA:61,1
DA:63,1
BRDA:63,0,0,1
BRDA:63,0,1,0
BRDA:63,0,2,1
BRDA:63,0,3,0
BRDA:63,0,4,1
BRDA:63,0,5,0
BRDA:63,0,6,1
BRDA:63,0,7,0
BRDA:63,0,8,1
BRDA:63,0,9,0
DA:64,1
DA:70,1
DA:71,1
DA:72,1
DA:73,1
DA:74,1
DA:76,1
DA:77,1
DA:79,1
BRDA:79,0,0,1
BRDA:79,0,1,0
DA:80,1
DA:86,1
DA:87,1
DA:88,1
DA:89,1
DA:90,1
DA:92,1
DA:93,1
DA:95,1
BRDA:95,0,0,1
BRDA:95,0,1,0
DA:96,1
DA:102,1
DA:103,1
DA:104,1
DA:105,1
DA:106,1
DA:108,1
DA:109,1
DA:111,1
BRDA:111,0,0,1
BRDA:111,0,1,0
DA:112,1
DA:118,1
DA:119,1
DA:120,1
DA:121,1
DA:122,1
DA:124,1
DA:125,1
DA:127,1
BRDA:127,0,0,1
BRDA:127,0,1,0
DA:128,1
DA:133,1
DA:134,1
DA:135,1
DA:136,1
DA:137,1
DA:139,1
DA:140,1
DA:142,1
BRDA:142,0,0,1
BRDA:142,0,1,0
DA:143,1
DA:148,84
DA:152,84
DA:154,84
DA:159,84
DA:160,84
DA:166,84
DA:167,84
DA:172,84
DA:173,84
DA:179,84
DA:180,84
DA:185,84
DA:186,84
DA:191,84
DA:192,84
DA:197,84
DA:198,84
DA:203,84
DA:204,84
DA:208,84
DA:209,84
DA:211,84
end_of_record
TN:Report
SF:/home/avalon/21-school-problems/MY_STRINGS/src/s21_strpbrk.c
FN:3,s21_strpbrk
FNDA:7,s21_strpbrk
DA:3,7
DA:4,7
DA:5,7
DA:6,7
DA:7,7
DA:9,7
DA:10,7
DA:12,7
DA:14,40
BRDA:14,0,0,36
BRDA:14,0,1,4
BRDA:14,0,2,33
BRDA:14,0,3,3
DA:15,33
DA:17,7
end_of_record
TN:Report
SF:/home/avalon/21-school-problems/MY_STRINGS/tests/s21_memcpy_test.c
FN:5,test_s21_memcpy_1_fn
FNDA:1,test_s21_memcpy_1_fn
FN:35,test_s21_memcpy_2_fn
FNDA:1,test_s21_memcpy_2_fn
FN:49,test_s21_memcpy_3_fn
FNDA:1,test_s21_memcpy_3_fn
FN:63,test_s21_memcpy_4_fn
FNDA:1,test_s21_memcpy_4_fn
FN:78,s21_memcpy_suite
FNDA:84,s21_memcpy_suite
DA:5,1
DA:6,1
DA:7,1
DA:8,1
DA:9,1
DA:11,1
DA:12,1
DA:14,1
BRDA:14,0,0,1
BRDA:14,0,1,0
BRDA:14,0,2,1
BRDA:14,0,3,0
BRDA:14,0,4,1
BRDA:14,0,5,0
BRDA:14,0,6,1
BRDA:14,0,7,0
BRDA:14,0,8,1
BRDA:14,0,9,0
DA:15,1
DA:35,1
DA:36,1
DA:37,1
DA:38,1
DA:39,1
DA:41,1
DA:42,1
DA:44,1
BRDA:44,0,0,1
BRDA:44,0,1,0
BRDA:44,0,2,1
BRDA:44,0,3,0
BRDA:44,0,4,1
BRDA:44,0,5,0
BRDA:44,0,6,1
BRDA:44,0,7,0
BRDA:44,0,8,1
BRDA:44,0,9,0
DA:45,1
DA:49,1
DA:50,1
DA:51,1
DA:52,1
DA:53,1
DA:55,1
DA:56,1
DA:58,1
BRDA:58,0,0,1
BRDA:58,0,1,0
BRDA:58,0,2,1
BRDA:58,0,3,0
BRDA:58,0,4,1
BRDA:58,0,5,0
BRDA:58,0,6,1
BRDA:58,0,7,0
BRDA:58,0,8,1
BRDA:58,0,9,0
DA:59,1
DA:63,1
DA:64,1
DA:65,1
DA:66,1
DA:67,1
DA:69,1
DA:70,1
DA:72,1
BRDA:72,0,0,1
BRDA:72,0,1,0
BRDA:72,0,2,1
BRDA:72,0,3,0
BRDA:72,0,4,1
BRDA:72,0,5,0
BRDA:72,0,6,1
BRDA:72,0,7,0
BRDA:72,0,8,1
BRDA:72,0,9,0
DA:73,1
DA:78,84
DA:82,84
DA:84,84
DA:88,84
DA:89,84
DA:96,84
DA:97,84
DA:100,84
DA:101,84
DA:104,84
DA:105,84
DA:107,84
end_of_record
TN:Report
SF:/home/avalon/21-school-problems/MY_STRINGS/tests/s21_strpbrk_test.c
FN:6,test_s21_strpbrk_1_fn
FNDA:1,test_s21_strpbrk_1_fn
FN:22,test_s21_strpbrk_2_fn
FNDA:1,test_s21_strpbrk_2_fn
FN:38,test_s21_strpbrk_3_fn
FNDA:1,test_s21_strpbrk_3_fn
FN:54,test_s21_strpbrk_4_fn
FNDA:1,test_s21_strpbrk_4_fn
FN:70,test_s21_strpbrk_5_fn
FNDA:1,test_s21_strpbrk_5_fn
FN:86,test_s21_strpbrk_6_fn
FNDA:1,test_s21_strpbrk_6_fn
FN:102,test_s21_strpbrk_7_fn
FNDA:1,test_s21_strpbrk_7_fn
FN:117,s21_strpbrk_suite
FNDA:84,s21_strpbrk_suite
DA:6,1
DA:7,1
DA:8,1
DA:9,1
DA:10,1
DA:12,1
DA:13,1
DA:15,1
BRDA:15,0,0,1
BRDA:15,0,1,0
DA:16,1
DA:22,1
DA:23,1
DA:24,1
DA:25,1
DA:26,1
DA:28,1
DA:29,1
DA:31,1
BRDA:31,0,0,1
BRDA:31,0,1,0
DA:32,1
DA:38,1
DA:39,1
DA:40,1
DA:41,1
DA:42,1
DA:44,1
DA:45,1
DA:47,1
BRDA:47,0,0,1
BRDA:47,0,1,0
DA:48,1
DA:54,1
DA:55,1
DA:56,1
DA:57,1
DA:58,1
DA:60,1
DA:61,1
DA:63,1
BRDA:63,0,0,1
BRDA:63,0,1,0
DA:64,1
DA:70,1
DA:71,1
DA:72,1
DA:73,1
DA:74,1
DA:76,1
DA:77,1
DA:79,1
BRDA:79,0,0,1
BRDA:79,0,1,0
DA:80,1
DA:86,1
DA:87,1
DA:88,1
DA:89,1
DA:90,1
DA:92,1
DA:93,1
DA:95,1
BRDA:95,0,0,1
BRDA:95,0,1,0
DA:96,1
DA:102,1
DA:103,1
DA:104,1
DA:105,1
DA:106,1
DA:108,1
DA:109,1
DA:111,1
BRDA:111,0,0,1
BRDA:111,0,1,0
DA:112,1
DA:117,84
DA:121,84
DA:123,84
DA:128,84
DA:129,84
DA:134,84
DA:135,84
DA:140,84
DA:141,84
DA:146,84
DA:147,84
DA:152,84
DA:153,84
DA:158,84
DA:159,84
DA:164,84
DA:165,84
DA:167,84
end_of_record
TN:Report
SF:/home/avalon/21-school-problems/MY_STRINGS/src/s21_strncpy.c
FN:3,s21_strncpy
FNDA:4,s21_strncpy
DA:3,4
DA:4,4
DA:5,4
DA:6,4
DA:7,4
DA:9,4
DA:11,4
DA:12,4
DA:14,36
BRDA:14,0,0,32
BRDA:14,0,1,4
DA:17,4
BRDA:17,0,0,3
BRDA:17,0,1,1
DA:18,49
BRDA:18,0,0,46
BRDA:18,0,1,3
DA:21,4
end_of_record
TN:Report
SF:/home/avalon/21-school-problems/MY_STRINGS/src/sprintscan/s21_sprintf.c
FN:25,s21_sprintf
FNDA:0,s21_sprintf
DA:25,0
DA:26,0
DA:27,0
DA:28,0
DA:29,0
DA:31,0
DA:32,0
DA:33,0
DA:36,0
DA:38,0
DA:40,0
BRDA:40,0,0,-
BRDA:40,0,1,-
DA:41,0
BRDA:41,0,0,-
BRDA:41,0,1,-
DA:42,0
DA:44,0
BRDA:44,0,0,-
BRDA:44,0,1,-
DA:45,0
BRDA:45,0,0,-
BRDA:45,0,1,-
BRDA:45,0,2,-
BRDA:45,0,3,-
DA:48,0
DA:49,0
DA:52,0
DA:55,0
BRDA:55,0,0,-
BRDA:55,0,1,-
DA:56,0
DA:86,0
end_of_record
TN:Report
SF:/home/avalon/21-school-problems/MY_STRINGS/tests/s21_check_string.c
FN:20,main
FNDA:84,main
DA:20,84
DA:21,84
DA:22,84
DA:24,84
DA:25,84
DA:26,84
DA:27,84
DA:28,84
DA:29,84
DA:30,84
DA:31,84
DA:32,84
DA:33,84
DA:34,84
DA:35,84
DA:36,84
DA:38,84
DA:39,1
DA:40,1
DA:42,1
end_of_record
TN:Report
SF:/home/avalon/21-school-problems/MY_STRINGS/src/s21_strlen.c
FN:3,s21_strlen
FNDA:45,s21_strlen
DA:3,45
DA:4,45
DA:6,590
BRDA:6,0,0,545
BRDA:6,0,1,45
DA:9,45
end_of_record
TN:Report
SF:/home/avalon/21-school-problems/MY_STRINGS/src/s21_memset.c
FN:3,s21_memset
FNDA:8,s21_memset
DA:3,8
DA:4,8
DA:5,8
DA:6,8
DA:7,8
DA:9,88
BRDA:9,0,0,80
BRDA:9,0,1,8
DA:12,8
end_of_record
TN:Report
SF:/home/avalon/21-school-problems/MY_STRINGS/src/s21_memchr.c
FN:6,s21_memchr
FNDA:12,s21_memchr
DA:6,12
DA:7,12
DA:8,12
DA:9,12
DA:10,12
DA:12,12
DA:13,12
DA:14,12
DA:16,13475
BRDA:16,0,0,13469
BRDA:16,0,1,6
BRDA:16,0,2,13463
BRDA:16,0,3,6
DA:19,12
BRDA:19,0,0,6
BRDA:19,0,1,6
DA:20,6
DA:22,12
end_of_record
TN:Report
SF:/home/avalon/21-school-problems/MY_STRINGS/tests/s21_memchr_test.c
FN:5,test_s21_memchr_1_fn
FNDA:1,test_s21_memchr_1_fn
FN:17,test_s21_memchr_2_fn
FNDA:1,test_s21_memchr_2_fn
FN:29,test_s21_memchr_3_fn
FNDA:1,test_s21_memchr_3_fn
FN:43,test_s21_memchr_4_fn
FNDA:1,test_s21_memchr_4_fn
FN:55,test_s21_memchr_5_fn
FNDA:1,test_s21_memchr_5_fn
FN:67,test_s21_memchr_6_fn
FNDA:1,test_s21_memchr_6_fn
FN:81,test_s21_memchr_7_fn
FNDA:1,test_s21_memchr_7_fn
FN:93,test_s21_memchr_8_fn
FNDA:1,test_s21_memchr_8_fn
FN:105,test_s21_memchr_9_fn
FNDA:1,test_s21_memchr_9_fn
FN:119,test_s21_memchr_10_fn
FNDA:1,test_s21_memchr_10_fn
FN:131,test_s21_memchr_11_fn
FNDA:1,test_s21_memchr_11_fn
FN:143,test_s21_memchr_12_fn
FNDA:1,test_s21_memchr_12_fn
FN:155,s21_memchr_suite
FNDA:84,s21_memchr_suite
DA:5,1
DA:6,1
DA:7,1
DA:9,1
DA:10,1
DA:12,1
BRDA:12,0,0,1
BRDA:12,0,1,0
DA:13,1
DA:17,1
DA:18,1
DA:19,1
DA:21,1
DA:22,1
DA:24,1
BRDA:24,0,0,1
BRDA:24,0,1,0
DA:25,1
DA:29,1
DA:30,1
DA:31,1
DA:33,1
DA:34,1
DA:36,1
BRDA:36,0,0,1
BRDA:36,0,1,0
DA:37,1
DA:43,1
DA:44,1
DA:45,1
DA:47,1
DA:48,1
DA:50,1
BRDA:50,0,0,1
BRDA:50,0,1,0
DA:51,1
DA:55,1
DA:56,1
DA:57,1
DA:59,1
DA:60,1
DA:62,1
BRDA:62,0,0,1
BRDA:62,0,1,0
DA:63,1
DA:67,1
DA:68,1
DA:69,1
DA:71,1
DA:72,1
DA:74,1
BRDA:74,0,0,1
BRDA:74,0,1,0
DA:75,1
DA:81,1
DA:82,1
DA:83,1
DA:85,1
DA:86,1
DA:88,1
BRDA:88,0,0,1
BRDA:88,0,1,0
DA:89,1
DA:93,1
DA:94,1
DA:95,1
DA:97,1
DA:98,1
DA:100,1
BRDA:100,0,0,1
BRDA:100,0,1,0
DA:101,1
DA:105,1
DA:106,1
DA:107,1
DA:109,1
DA:110,1
DA:112,1
BRDA:112,0,0,1
BRDA:112,0,1,0
DA:113,1
DA:119,1
DA:120,1
DA:121,1
DA:123,1
DA:124,1
DA:126,1
BRDA:126,0,0,1
BRDA:126,0,1,0
DA:127,1
DA:131,1
DA:132,1
DA:133,1
DA:135,1
DA:136,1
DA:138,1
BRDA:138,0,0,1
BRDA:138,0,1,0
DA:139,1
DA:143,1
DA:144,1
DA:145,1
DA:147,1
DA:148,1
DA:150,1
BRDA:150,0,0,1
BRDA:150,0,1,0
DA:151,1
DA:155,84
DA:160,84
DA:162,84
DA:166,84
DA:167,84
DA:169,84
DA:172,84
DA:173,84
DA:176,84
DA:177,84
DA:181,84
DA:182,84
DA:185,84
DA:186,84
DA:189,84
DA:190,84
DA:194,84
DA:195,84
DA:198,84
DA:199,84
DA:202,84
DA:203,84
DA:207,84
DA:208,84
DA:211,84
DA:212,84
DA:215,84
DA:216,84
DA:218,84
end_of_record
TN:Report
SF:/home/avalon/21-school-problems/MY_STRINGS/src/s21_strncat.c
FN:3,s21_strncat
FNDA:4,s21_strncat
DA:3,4
DA:4,4
DA:5,4
DA:6,4
DA:7,4
DA:9,115
BRDA:9,0,0,111
BRDA:9,0,1,4
DA:12,4
DA:14,30
BRDA:14,0,0,28
BRDA:14,0,1,2
BRDA:14,0,2,26
BRDA:14,0,3,2
DA:15,26
DA:16,26
DA:19,4
DA:21,4
end_of_record
TN:Report
SF:/home/avalon/21-school-problems/MY_STRINGS/tests/s21_strlen_test.c
FN:4,test_s21_strlen_1_fn
FNDA:1,test_s21_strlen_1_fn
FN:18,test_s21_strlen_2_fn
FNDA:1,test_s21_strlen_2_fn
FN:35,test_s21_strlen_3_fn
FNDA:1,test_s21_strlen_3_fn
FN:50,s21_strlen_suite
FNDA:84,s21_strlen_suite
DA:4,1
DA:5,1
DA:6,1
DA:7,1
DA:9,1
DA:10,1
DA:12,1
BRDA:12,0,0,1
BRDA:12,0,1,0
DA:13,1
DA:18,1
DA:19,1
DA:20,1
DA:21,1
DA:22,1
DA:24,1
DA:25,1
DA:29,1
BRDA:29,0,0,1
BRDA:29,0,1,0
DA:31,1
DA:35,1
DA:36,1
DA:37,1
DA:38,1
DA:40,1
DA:41,1
DA:43,1
BRDA:43,0,0,1
BRDA:43,0,1,0
DA:46,1
DA:50,84
DA:54,84
DA:56,84
DA:59,84
DA:60,84
DA:64,84
DA:65,84
DA:68,84
DA:69,84
DA:71,84
end_of_record
TN:Report
SF:/home/avalon/21-school-problems/MY_STRINGS/tests/s21_memset_test.c
FN:6,test_s21_memset_1_fn
FNDA:1,test_s21_memset_1_fn
FN:22,test_s21_memset_2_fn
FNDA:1,test_s21_memset_2_fn
FN:37,test_s21_memset_3_fn
FNDA:1,test_s21_memset_3_fn
FN:53,test_s21_memset_4_fn
FNDA:1,test_s21_memset_4_fn
FN:68,test_s21_memset_5_fn
FNDA:1,test_s21_memset_5_fn
FN:84,test_s21_memset_6_fn
FNDA:1,test_s21_memset_6_fn
FN:99,test_s21_memset_7_fn
FNDA:1,test_s21_memset_7_fn
FN:115,test_s21_memset_8_fn
FNDA:1,test_s21_memset_8_fn
FN:165,s21_memset_suite
FNDA:84,s21_memset_suite
DA:6,1
DA:7,1
DA:8,1
DA:10,1
DA:11,1
DA:13,1
DA:14,1
DA:16,1
BRDA:16,0,0,1
BRDA:16,0,1,0
BRDA:16,0,2,1
BRDA:16,0,3,0
BRDA:16,0,4,1
BRDA:16,0,5,0
BRDA:16,0,6,1
BRDA:16,0,7,0
BRDA:16,0,8,1
BRDA:16,0,9,0
DA:17,1
DA:22,1
DA:23,1
DA:24,1
DA:26,1
DA:27,1
DA:29,1
DA:30,1
DA:32,1
BRDA:32,0,0,1
BRDA:32,0,1,0
BRDA:32,0,2,1
BRDA:32,0,3,0
BRDA:32,0,4,1
BRDA:32,0,5,0
BRDA:32,0,6,1
BRDA:32,0,7,0
BRDA:32,0,8,1
BRDA:32,0,9,0
DA:33,1
DA:37,1
DA:38,1
DA:39,1
DA:41,1
DA:42,1
DA:44,1
DA:45,1
DA:47,1
BRDA:47,0,0,1
BRDA:47,0,1,0
BRDA:47,0,2,1
BRDA:47,0,3,0
BRDA:47,0,4,1
BRDA:47,0,5,0
BRDA:47,0,6,1
BRDA:47,0,7,0
BRDA:47,0,8,1
BRDA:47,0,9,0
DA:48,1
DA:53,1
DA:54,1
DA:55,1
DA:57,1
DA:58,1
DA:60,1
DA:61,1
DA:63,1
BRDA:63,0,0,1
BRDA:63,0,1,0
BRDA:63,0,2,1
BRDA:63,0,3,0
BRDA:63,0,4,1
BRDA:63,0,5,0
BRDA:63,0,6,1
BRDA:63,0,7,0
BRDA:63,0,8,1
BRDA:63,0,9,0
DA:64,1
DA:68,1
DA:69,1
DA:70,1
DA:72,1
DA:73,1
DA:75,1
DA:76,1
DA:78,1
BRDA:78,0,0,1
BRDA:78,0,1,0
BRDA:78,0,2,1
BRDA:78,0,3,0
BRDA:78,0,4,1
BRDA:78,0,5,0
BRDA:78,0,6,1
BRDA:78,0,7,0
BRDA:78,0,8,1
BRDA:78,0,9,0
DA:79,1
DA:84,1
DA:85,1
DA:86,1
DA:88,1
DA:89,1
DA:91,1
DA:92,1
DA:94,1
BRDA:94,0,0,1
BRDA:94,0,1,0
BRDA:94,0,2,1
BRDA:94,0,3,0
BRDA:94,0,4,1
BRDA:94,0,5,0
BRDA:94,0,6,1
BRDA:94,0,7,0
BRDA:94,0,8,1
BRDA:94,0,9,0
DA:95,1
DA:99,1
DA:100,1
DA:101,1
DA:103,1
DA:104,1
DA:106,1
DA:107,1
DA:109,1
BRDA:109,0,0,1
BRDA:109,0,1,0
BRDA:109,0,2,1
BRDA:109,0,3,0
BRDA:109,0,4,1
BRDA:109,0,5,0
BRDA:109,0,6,1
BRDA:109,0,7,0
BRDA:109,0,8,1
BRDA:109,0,9,0
DA:110,1
DA:115,1
DA:116,1
DA:117,1
DA:119,1
DA:120,1
DA:122,1
DA:123,1
DA:125,1
BRDA:125,0,0,1
BRDA:125,0,1,0
BRDA:125,0,2,1
BRDA:125,0,3,0
BRDA:125,0,4,1
BRDA:125,0,5,0
BRDA:125,0,6,1
BRDA:125,0,7,0
BRDA:125,0,8,1
BRDA:125,0,9,0
DA:126,1
DA:165,84
DA:169,84
DA:171,84
DA:176,84
DA:177,84
DA:181,84
DA:182,84
DA:185,84
DA:186,84
DA:190,84
DA:191,84
DA:194,84
DA:195,84
DA:199,84
DA:200,84
DA:203,84
DA:204,84
DA:208,84
DA:209,84
DA:221,84
end_of_record
